[1222/204247.797:INFO:CONSOLE(0)] "Error with Permissions-Policy header: Feature xr-spatial-tracking's parameters are ignored.", source:  (0)
[1222/204247.797:INFO:CONSOLE(0)] "Error with Permissions-Policy header: Origin trial controlled feature not enabled: 'attribution-reporting'.", source:  (0)
[1222/204247.797:INFO:CONSOLE(0)] "Error with Permissions-Policy header: Unrecognized feature: 'compute-pressure'.", source:  (0)
[1222/204247.797:INFO:CONSOLE(0)] "Error with Permissions-Policy header: Origin trial controlled feature not enabled: 'interest-cohort'.", source:  (0)
[1222/204247.797:INFO:CONSOLE(0)] "Error with Permissions-Policy header: Unrecognized feature: 'private-state-token-issuance'.", source:  (0)
[1222/204247.798:INFO:CONSOLE(0)] "Error with Permissions-Policy header: Origin trial controlled feature not enabled: 'shared-storage'.", source:  (0)
[1222/204247.798:INFO:CONSOLE(0)] "Error with Permissions-Policy header: Unrecognized feature: 'shared-storage-select-url'.", source:  (0)
[1222/204247.798:INFO:CONSOLE(0)] "Error with Permissions-Policy header: Unrecognized feature: 'private-state-token-redemption'.", source:  (0)
[1222/204247.798:INFO:CONSOLE(0)] "Error with Permissions-Policy header: Unrecognized feature: 'unload'.", source:  (0)
[1222/204247.798:INFO:CONSOLE(0)] "Error with Permissions-Policy header: Unrecognized feature: 'window-management'.", source:  (0)
[1222/204250.666:INFO:CONSOLE(155)] "Event handler of 'x-storagemutated-1' event must be added on the initial evaluation of worker script.", source: https://static.whatsapp.net/rsrc.php/v4/y4/r/9cLzw6OK-kQ.js (155)
[1222/204250.835:INFO:CONSOLE(4)] "Uncaught (in promise) Error: qrcode is not defined", source: https://web.whatsapp.com/ (4)
[1222/204350.762:INFO:CONSOLE(4)] "Uncaught (in promise) Error: qrcode is not defined", source: https://web.whatsapp.com/ (4)
[1222/204410.774:INFO:CONSOLE(4)] "Uncaught (in promise) Error: qrcode is not defined", source: https://web.whatsapp.com/ (4)
[1222/204430.777:INFO:CONSOLE(4)] "Uncaught (in promise) Error: qrcode is not defined", source: https://web.whatsapp.com/ (4)
[1222/204450.787:INFO:CONSOLE(4)] "Uncaught (in promise) Error: qrcode is not defined", source: https://web.whatsapp.com/ (4)
[1222/204510.786:INFO:CONSOLE(4)] "Uncaught (in promise) Error: qrcode is not defined", source: https://web.whatsapp.com/ (4)
[1222/204530.792:INFO:CONSOLE(4)] "Uncaught (in promise) Error: window is not defined", source: https://web.whatsapp.com/ (4)
[1222/204621.172:INFO:CONSOLE(155)] "Event handler of 'x-storagemutated-1' event must be added on the initial evaluation of worker script.", source: https://static.whatsapp.net/rsrc.php/v4/y4/r/9cLzw6OK-kQ.js (155)
[1222/204621.390:INFO:CONSOLE(4)] "Uncaught (in promise) Error: qrcode is not defined", source: https://web.whatsapp.com/ (4)
[1222/204721.405:INFO:CONSOLE(4)] "Uncaught (in promise) Error: qrcode is not defined", source: https://web.whatsapp.com/ (4)
[1222/204741.414:INFO:CONSOLE(4)] "Uncaught (in promise) Error: qrcode is not defined", source: https://web.whatsapp.com/ (4)
[1222/204801.415:INFO:CONSOLE(4)] "Uncaught (in promise) Error: qrcode is not defined", source: https://web.whatsapp.com/ (4)
[1222/204821.427:INFO:CONSOLE(4)] "Uncaught (in promise) Error: qrcode is not defined", source: https://web.whatsapp.com/ (4)
[1222/204841.438:INFO:CONSOLE(4)] "Uncaught (in promise) Error: qrcode is not defined", source: https://web.whatsapp.com/ (4)
[1222/204901.474:INFO:CONSOLE(4)] "Uncaught (in promise) Error: window is not defined", source: https://web.whatsapp.com/ (4)
[1222/204951.834:INFO:CONSOLE(155)] "Event handler of 'x-storagemutated-1' event must be added on the initial evaluation of worker script.", source: https://static.whatsapp.net/rsrc.php/v4/y4/r/9cLzw6OK-kQ.js (155)
[1222/204952.209:INFO:CONSOLE(4)] "Uncaught (in promise) Error: qrcode is not defined", source: https://web.whatsapp.com/ (4)
[1222/205052.232:INFO:CONSOLE(4)] "Uncaught (in promise) Error: qrcode is not defined", source: https://web.whatsapp.com/ (4)
[1222/205112.237:INFO:CONSOLE(4)] "Uncaught (in promise) Error: qrcode is not defined", source: https://web.whatsapp.com/ (4)
[1222/205132.241:INFO:CONSOLE(4)] "Uncaught (in promise) Error: qrcode is not defined", source: https://web.whatsapp.com/ (4)
[1222/205152.261:INFO:CONSOLE(4)] "Uncaught (in promise) Error: qrcode is not defined", source: https://web.whatsapp.com/ (4)
[1222/205212.248:INFO:CONSOLE(4)] "Uncaught (in promise) Error: qrcode is not defined", source: https://web.whatsapp.com/ (4)
[1222/205232.271:INFO:CONSOLE(4)] "Uncaught (in promise) Error: window is not defined", source: https://web.whatsapp.com/ (4)
[1222/205322.634:INFO:CONSOLE(155)] "Event handler of 'x-storagemutated-1' event must be added on the initial evaluation of worker script.", source: https://static.whatsapp.net/rsrc.php/v4/y4/r/9cLzw6OK-kQ.js (155)
[1222/205323.033:INFO:CONSOLE(4)] "Uncaught (in promise) Error: qrcode is not defined", source: https://web.whatsapp.com/ (4)
